2016-10-06 11:02:41 INFO  :36 - Consumer() class calling ...
2016-10-06 11:02:47 INFO  :76 - SIZE 101.6 mm, 25.0 mm
GAP 3 mm, 0 mm
DIRECTION 0,0
REFERENCE 0,0
OFFSET 0 mm
SET PEEL ON
CLS
CODEPAGE 1252
TEXT 606,99,"1",180,1,1,"Brand Name: JAMMU SPECIAL Whisky"
TEXT 659,65,"1",180,1,1,"Size: 180ML"
TEXT 420,65,"1",180,1,1,"MRP: Rs.3216/-"
TEXT 659,35,"1",180,1,1,"BATCH: BN044"
TEXT 420,35,"1",180,1,1,"MFG Date: 04102016(*Trail Run)"
BARCODE 714,188,"128",49,1,180,2,4,"8900251002508BN044180480410201600300020"
QRCODE 785,101,L,3,A,180,M2,S7,"8900251002508BN044180480410201600300020"
QRCODE 120,98,L,3,A,180,M2,S7,"8900251002508BN044180480410201600300020"
PRINT 1,2
 CLS


2016-10-06 11:02:50 INFO  :76 - SIZE 101.6 mm, 25.0 mm
GAP 3 mm, 0 mm
DIRECTION 0,0
REFERENCE 0,0
OFFSET 0 mm
SET PEEL ON
CLS
CODEPAGE 1252
TEXT 606,99,"1",180,1,1,"Brand Name: JAMMU SPECIAL Whisky"
TEXT 659,65,"1",180,1,1,"Size: 180ML"
TEXT 420,65,"1",180,1,1,"MRP: Rs.3216/-"
TEXT 659,35,"1",180,1,1,"BATCH: BN044"
TEXT 420,35,"1",180,1,1,"MFG Date: 04102016(*Trail Run)"
BARCODE 714,188,"128",49,1,180,2,4,"8900251002508BN044180480410201600300021"
QRCODE 785,101,L,3,A,180,M2,S7,"8900251002508BN044180480410201600300021"
QRCODE 120,98,L,3,A,180,M2,S7,"8900251002508BN044180480410201600300021"
PRINT 1,2
 CLS


2016-10-06 12:58:50 INFO  :36 - Consumer() class calling ...
2016-10-06 12:58:52 INFO  :76 - SIZE 101.6 mm, 25.0 mm
GAP 3 mm, 0 mm
DIRECTION 0,0
REFERENCE 0,0
OFFSET 0 mm
SET PEEL ON
CLS
CODEPAGE 1252
TEXT 606,99,"1",180,1,1,"Brand Name: JAMMU SPECIAL Whisky"
TEXT 659,65,"1",180,1,1,"Size: 180ML"
TEXT 420,65,"1",180,1,1,"MRP: Rs.3216/-"
TEXT 659,35,"1",180,1,1,"BATCH: BN044"
TEXT 420,35,"1",180,1,1,"MFG Date: 04102016(*Trail Run)"
BARCODE 714,188,"128",49,1,180,2,4,"8900251002508BN044180480410201600300022"
QRCODE 785,101,L,3,A,180,M2,S7,"8900251002508BN044180480410201600300022"
QRCODE 120,98,L,3,A,180,M2,S7,"8900251002508BN044180480410201600300022"
PRINT 1,2
 CLS


2016-10-06 13:18:22 INFO  :36 - Consumer() class calling ...
2016-10-06 13:18:27 INFO  :76 - SIZE 101.6 mm, 25.0 mm
GAP 3 mm, 0 mm
DIRECTION 0,0
REFERENCE 0,0
OFFSET 0 mm
SET PEEL ON
CLS
CODEPAGE 1252
TEXT 606,99,"1",180,1,1,"Brand Name: JAMMU SPECIAL Whisky"
TEXT 659,65,"1",180,1,1,"Size: 180ML"
TEXT 420,65,"1",180,1,1,"MRP: Rs.3216/-"
TEXT 659,35,"1",180,1,1,"BATCH: BN044"
TEXT 420,35,"1",180,1,1,"MFG Date: 06102016(*Trail Run)"
BARCODE 714,188,"128",49,1,180,2,4,"8900251002508BN044180480610201600300001"
QRCODE 785,101,L,3,A,180,M2,S7,"8900251002508BN044180480610201600300001"
QRCODE 120,98,L,3,A,180,M2,S7,"8900251002508BN044180480610201600300001"
PRINT 1,2
 CLS


2016-10-06 13:47:53 INFO  :76 - SIZE 101.6 mm, 25.0 mm
GAP 3 mm, 0 mm
DIRECTION 0,0
REFERENCE 0,0
OFFSET 0 mm
SET PEEL ON
CLS
CODEPAGE 1252
TEXT 606,99,"1",180,1,1,"Brand Name: JAMMU SPECIAL Whisky"
TEXT 659,65,"1",180,1,1,"Size: 180ML"
TEXT 420,65,"1",180,1,1,"MRP: Rs.3216/-"
TEXT 659,35,"1",180,1,1,"BATCH: BN044"
TEXT 420,35,"1",180,1,1,"MFG Date: 06102016(*Trail Run)"
BARCODE 714,188,"128",49,1,180,2,4,"8900251002508BN044180480610201600300002"
QRCODE 785,101,L,3,A,180,M2,S7,"8900251002508BN044180480610201600300002"
QRCODE 120,98,L,3,A,180,M2,S7,"8900251002508BN044180480610201600300002"
PRINT 1,2
 CLS


